2017-12-27 14:22:15 INFO  CsvToExcel:39 - Creating New .Xls File From The Already Generated .Csv File
2017-12-27 14:22:19 INFO  CsvToExcel:54 - .Xls File Is Generated At The Following Location?= config/EXCEL_DATA.xlsx
2017-12-27 14:22:23 INFO  AppMain:13 - File Location Is?= config/EXCEL_DATA.xlsx
2017-12-27 14:26:43 INFO  CsvToExcel:39 - Creating New .Xls File From The Already Generated .Csv File
2017-12-27 14:27:26 INFO  CsvToExcel:54 - .Xls File Is Generated At The Following Location?= config/EXCEL_DATA.xlsx
2017-12-27 14:28:14 INFO  AppMain:13 - File Location Is?= config/EXCEL_DATA.xlsx
2017-12-27 14:37:26 INFO  CsvToExcel:38 - Creating New .Xls File From The Already Generated .Csv File
2017-12-27 14:38:12 INFO  CsvToExcel:53 - .Xls File Is Generated At The Following Location?= config/EXCEL_DATA.xlsx
2017-12-27 14:38:40 INFO  AppMain:13 - File Location Is?= config/EXCEL_DATA.xlsx
2017-12-27 15:14:07 INFO  CsvToExcel:38 - Creating New .Xls File From The Already Generated .Csv File
2017-12-27 15:14:31 INFO  CsvToExcel:53 - .Xls File Is Generated At The Following Location?= config/EXCEL_DATA.xlsx
2017-12-27 15:14:50 INFO  AppMain:13 - File Location Is?= config/EXCEL_DATA.xlsx
2017-12-27 21:49:41 INFO  CsvToExcel:38 - Creating New .Xls File From The Already Generated .Csv File
2017-12-27 21:50:17 INFO  CsvToExcel:53 - .Xls File Is Generated At The Following Location?= config/EXCEL_DATA.xlsx
2017-12-27 21:50:38 INFO  AppMain:13 - File Location Is?= config/EXCEL_DATA.xlsx
2017-12-31 11:33:41 INFO  CsvToExcel:38 - Creating New .Xls File From The Already Generated .Csv File
2017-12-31 11:33:41 INFO  CsvToExcel:53 - .Xls File Is Generated At The Following Location?= config/EXCEL_DATA.xlsx
2017-12-31 11:33:41 INFO  AppMain:13 - File Location Is?= config/EXCEL_DATA.xlsx
2017-12-31 11:40:52 INFO  CsvToExcel:41 - Creating New .Xls File From The Already Generated .Csv File
2017-12-31 11:40:52 INFO  CsvToExcel:56 - The File Is Generated At The Following Location?= config/EXCEL_DATA.xlsx
2017-12-31 11:40:53 INFO  AppMain:13 - File Location Is?= config/EXCEL_DATA.xlsx
2017-12-31 12:45:19 INFO  CsvToExcel:41 - Creating New .Xls File From The Already Generated .Csv File
2017-12-31 12:45:19 INFO  CsvToExcel:56 - The File Is Generated At The Following Location?= config/EXCEL_DATA.xlsx
2017-12-31 12:45:19 INFO  AppMain:13 - File Location Is?= config/EXCEL_DATA.xlsx
2018-12-19 20:12:18 INFO  CsvToExcel:41 - Creating New .Xls File From The Already Generated .Csv File
2018-12-19 20:12:18 INFO  CsvToExcel:56 - The File Is Generated At The Following Location?= config/EXCEL_DATA.xlsx
2018-12-19 20:12:18 INFO  AppMain:13 - File Location Is?= config/EXCEL_DATA.xlsx
2018-12-19 20:13:25 INFO  CsvToExcel:42 - Creating New .Xls File From The Already Generated .Csv File
2018-12-19 20:13:25 INFO  CsvToExcel:57 - The File Is Generated At The Following Location?= config/EXCEL_DATA.xlsx
2018-12-19 20:13:25 INFO  AppMain:13 - File Location Is?= config/EXCEL_DATA.xlsx
2018-12-19 20:16:42 INFO  CsvToExcel:57 - Creating New .Xls File From The Already Generated .Csv File
2018-12-19 20:16:42 INFO  CsvToExcel:72 - The File Is Generated At The Following Location?= config/EXCEL_DATA.xlsx
2018-12-19 20:16:42 INFO  AppMain:13 - File Location Is?= config/EXCEL_DATA.xlsx
2018-12-19 20:20:14 INFO  CsvToExcel:59 - Creating New .Xls File From The Already Generated .Csv File
2018-12-19 20:20:14 INFO  CsvToExcel:74 - The File Is Generated At The Following Location?= config/EXCEL_DATA.xlsx
2018-12-19 20:20:14 ERROR CsvToExcel:79 - Exception In convertCsvToXls() Method?=  java.io.FileNotFoundException: config\EXCEL_DATA.xlsx (The process cannot access the file because it is being used by another process)
2018-12-19 20:21:25 INFO  CsvToExcel:59 - Creating New .Xls File From The Already Generated .Csv File
2018-12-19 20:21:25 INFO  CsvToExcel:74 - The File Is Generated At The Following Location?= config/EXCEL_DATA.xlsx
2018-12-19 20:21:25 ERROR CsvToExcel:79 - Exception In convertCsvToXls() Method?=  java.io.FileNotFoundException: config\EXCEL_DATA.xlsx (The process cannot access the file because it is being used by another process)
2018-12-19 20:21:41 INFO  CsvToExcel:59 - Creating New .Xls File From The Already Generated .Csv File
2018-12-19 20:21:41 INFO  CsvToExcel:74 - The File Is Generated At The Following Location?= config/EXCEL_DATA.xlsx
2018-12-19 20:21:41 INFO  AppMain:13 - File Location Is?= config/EXCEL_DATA.xlsx
2018-12-19 20:22:02 INFO  CsvToExcel:59 - Creating New .Xls File From The Already Generated .Csv File
2018-12-19 20:22:02 INFO  CsvToExcel:74 - The File Is Generated At The Following Location?= config/EXCEL_DATA.xlsx
2018-12-19 20:22:03 INFO  AppMain:13 - File Location Is?= config/EXCEL_DATA.xlsx
2018-12-19 20:26:42 INFO  CsvToExcel:59 - Creating New .Xls File From The Already Generated .Csv File
2018-12-19 20:26:42 INFO  CsvToExcel:74 - The File Is Generated At The Following Location?= config/EXCEL_DATA.xlsx
2018-12-19 20:26:43 INFO  AppMain:13 - File Location Is?= config/EXCEL_DATA.xlsx
2018-12-19 20:45:20 INFO  CsvToExcel:60 - Creating New .Xls File From The Already Generated .Csv File
2018-12-19 20:45:20 INFO  CsvToExcel:75 - The File Is Generated At The Following Location?= config/EXCEL_DATA.xlsx
2018-12-19 20:45:20 INFO  AppMain:13 - File Location Is?= config/EXCEL_DATA.xlsx
2018-12-19 20:50:52 INFO  CsvToExcel:60 - Creating New .Xls File From The Already Generated .Csv File
2018-12-19 20:50:52 INFO  CsvToExcel:75 - The File Is Generated At The Following Location?= config/EXCEL_DATA.xlsx
2018-12-19 20:50:53 INFO  AppMain:13 - File Location Is?= config/EXCEL_DATA.xlsx
2018-12-19 20:52:10 INFO  EPowModImplementation:60 - Creating New .Xls File From The Already Generated .Csv File
2018-12-19 20:52:10 INFO  EPowModImplementation:75 - The File Is Generated At The Following Location?= config/EXCEL_DATA.xlsx
2018-12-19 20:52:10 INFO  AppMain:13 - File Location Is?= config/EXCEL_DATA.xlsx
2018-12-19 20:53:34 INFO  EPowModImplementation:60 - Creating New .Xls File From The Already Generated .Csv File
2018-12-19 20:53:34 INFO  EPowModImplementation:75 - The File Is Generated At The Following Location?= config/EXCEL_DATA.xlsx
2018-12-19 20:53:34 INFO  EPowModServer:13 - File Location Is?= config/EXCEL_DATA.xlsx
2018-12-19 20:58:00 INFO  EPowModImplementation:73 - Creating New .Xls File From The Already Generated .Csv File
2018-12-19 20:58:00 INFO  EPowModImplementation:88 - The File Is Generated At The Following Location?= config/EXCEL_DATA.xlsx
2018-12-19 20:58:01 INFO  EPowModServer:15 - File Location Is?= config/EXCEL_DATA.xlsx
2018-12-19 21:18:53 INFO  EPowModClient:24 - File Location Is?= config/EXCEL_DATA.xlsx
2018-12-19 21:19:14 INFO  EPowModClient:24 - File Location Is?= config/EXCEL_DATA.xlsx
2018-12-19 21:24:53 INFO  EPowModClient:24 - File Location Is?= config/EXCEL_DATA.xlsx
2019-01-06 07:52:05 INFO  EPowModClient:24 - File Location Is?= config/EXCEL_DATA.xlsx
2019-01-06 07:53:04 INFO  EPowModClient:24 - File Location Is?= config/EXCEL_DATA.xlsx
2019-01-06 07:54:07 INFO  EPowModClient:24 - File Location Is?= config/EXCEL_DATA2.xlsx
2019-01-06 08:00:33 INFO  EPowModClient:24 - File Location Is?= config/EXCEL_DATA2.xlsx
2019-01-06 08:01:42 INFO  EPowModClient:24 - File Location Is?= config/EXCEL_DATA2.xlsx
2019-01-06 08:04:13 INFO  EPowModClient:24 - File Location Is?= config/EXCEL_DATA.xlsx
2019-01-06 08:09:04 INFO  EPowModClient:24 - File Location Is?= config/EXCEL_DATA.xlsx
2019-01-06 08:38:34 INFO  EPowModClient:56 - File Location Is?= config/EXCEL_DATA.xlsx
2019-01-06 08:39:26 INFO  EPowModClient:56 - File Location Is?= config/EXCEL_DATA.xlsx
2019-01-06 08:39:52 INFO  EPowModClient:56 - File Location Is?= config/EXCEL_DATA.xlsx
2019-01-06 08:40:49 INFO  EPowModClient:56 - File Location Is?= config/EXCEL_DATA.xlsx
2019-01-06 08:59:49 INFO  EPowModClient:69 - File Location Is?= config/EXCEL_DATA.xlsx
2019-01-06 09:01:45 INFO  EPowModClient:69 - File Location Is?= config/EXCEL_DATA.xlsx
2019-01-08 16:07:05 INFO  EPowModClient:69 - File Location Is?= config/EXCEL_DATA.xlsx
2019-01-08 16:10:02 INFO  EPowModClient:76 - File Location Is?= config/EXCEL_DATA.xlsx
2019-01-08 16:11:40 INFO  EPowModClient:76 - File Location Is?= config/EXCEL_DATA.xlsx
2019-01-08 16:26:15 INFO  EPowModClient:76 - File Location Is?= config/EXCEL_DATA.xlsx
